Using pre-set license
Built from '2021.1/staging' branch; Version is '2021.1.19f1 (5f5eb8bbdc25) revision 6250168'; Using compiler version '192528614'; Build Type 'Release'
OS: 'Windows 10 Pro; OS build 18363.1316; Version 1909; 64bit' Language: 'es' Physical Memory: 3977 MB
BatchMode: 1, IsHumanControllingUs: 0, StartBugReporterOnCrash: 0, Is64bit: 1, IsPro: 0

COMMAND LINE ARGUMENTS:
C:\Program Files\Unity\Hub\Editor\2021.1.19f1\Editor\Unity.exe
-adb2
-batchMode
-noUpm
-name
AssetImportWorker16
-projectPath
C:/Users/Dell Inspiron 20/Documents/Unity Hub/ProyectoSistemaSolar
-logFile
Logs/AssetImportWorker16.log
-srvPort
63718
Successfully changed project path to: C:/Users/Dell Inspiron 20/Documents/Unity Hub/ProyectoSistemaSolar
C:/Users/Dell Inspiron 20/Documents/Unity Hub/ProyectoSistemaSolar
Using Asset Import Pipeline V2.
